<?xml version="1.0" encoding="UTF-8"?>
<!-- Generated by org.testng.reporters.JUnitXMLReporter -->
<testsuite ignored="0" hostname="DESKTOP-4KLMMDP" failures="0" tests="7" name="Test" time="0.077" errors="0" timestamp="2023-08-17T15:16:54 IST">
  <testcase classname="vineeth.day1" name="loginTest" time="0.008"/>
  <testcase classname="vineeth.day1" name="homeloanlogin" time="0.001"/>
  <testcase classname="vineeth.day1" name="homeloanlogaout" time="0.001"/>
  <testcase classname="vineeth.day1" name="homeloanintrest" time="0.001"/>
  <testcase classname="vineeth.day2" name="carloanintrest" time="0.001"/>
  <testcase classname="vineeth.day2" name="carloanlogin" time="0.002"/>
  <testcase classname="vineeth.day2" name="carloanlogout" time="0.001"/>
</testsuite> <!-- Test -->
